
.   ____          _            __ _ _
/\\ / ___'_ __ _ _(_)_ __  __ _ \ \ \ \
( ( )\___ | '_ | '_| | '_ \/ _` | \ \ \ \
\\/  ___)| |_)| | | | | || (_| |  ) ) ) )
'  |____| .__|_| |_|_| |_\__, | / / / /
=========|_|==============|___/=/_/_/_/
:: Spring Boot ::        (v2.1.4.RELEASE)

2019-06-19 12:03:42.245  INFO 9280 --- [  restartedMain] jp.tcmobile.bamboo.BambooApplication     : Starting BambooApplication on DESKTOP-01KOC1C with PID 9280 (C:\Users\kota.hamamoto\Documents\bamboo\bamboo\Bamboo\target\classes started by kota.hamamoto in C:\Users\kota.hamamoto\Documents\bamboo\bamboo\Bamboo)
2019-06-19 12:03:42.251  INFO 9280 --- [  restartedMain] jp.tcmobile.bamboo.BambooApplication     : No active profile set, falling back to default profiles: default
2019-06-19 12:03:42.344  INFO 9280 --- [  restartedMain] .e.DevToolsPropertyDefaultsPostProcessor : Devtools property defaults active! Set 'spring.devtools.add-properties' to 'false' to disable
2019-06-19 12:03:42.344  INFO 9280 --- [  restartedMain] .e.DevToolsPropertyDefaultsPostProcessor : For additional web related logging consider setting the 'logging.level.web' property to 'DEBUG'
2019-06-19 12:03:44.204  INFO 9280 --- [  restartedMain] .s.d.r.c.RepositoryConfigurationDelegate : Bootstrapping Spring Data repositories in DEFAULT mode.
2019-06-19 12:03:44.458  INFO 9280 --- [  restartedMain] .s.d.r.c.RepositoryConfigurationDelegate : Finished Spring Data repository scanning in 240ms. Found 9 repository interfaces.
2019-06-19 12:03:45.240  INFO 9280 --- [  restartedMain] trationDelegate$BeanPostProcessorChecker : Bean 'org.springframework.transaction.annotation.ProxyTransactionManagementConfiguration' of type [org.springframework.transaction.annotation.ProxyTransactionManagementConfiguration$$EnhancerBySpringCGLIB$$f1d06540] is not eligible for getting processed by all BeanPostProcessors (for example: not eligible for auto-proxying)
2019-06-19 12:03:45.864  INFO 9280 --- [  restartedMain] o.s.b.w.embedded.tomcat.TomcatWebServer  : Tomcat initialized with port(s): 8080 (http)
2019-06-19 12:03:45.905  INFO 9280 --- [  restartedMain] o.apache.catalina.core.StandardService   : Starting service [Tomcat]
2019-06-19 12:03:45.905  INFO 9280 --- [  restartedMain] org.apache.catalina.core.StandardEngine  : Starting Servlet engine: [Apache Tomcat/9.0.19]
2019-06-19 12:03:46.132  INFO 9280 --- [  restartedMain] o.a.c.c.C.[Tomcat].[localhost].[/]       : Initializing Spring embedded WebApplicationContext
2019-06-19 12:03:46.132  INFO 9280 --- [  restartedMain] o.s.web.context.ContextLoader            : Root WebApplicationContext: initialization completed in 3788 ms
2019-06-19 12:03:46.410  INFO 9280 --- [  restartedMain] com.zaxxer.hikari.HikariDataSource       : HikariPool-1 - Starting...
2019-06-19 12:03:46.742  INFO 9280 --- [  restartedMain] com.zaxxer.hikari.HikariDataSource       : HikariPool-1 - Start completed.
2019-06-19 12:03:46.883  INFO 9280 --- [  restartedMain] o.hibernate.jpa.internal.util.LogHelper  : HHH000204: Processing PersistenceUnitInfo [
name: default
...]
2019-06-19 12:03:47.085  INFO 9280 --- [  restartedMain] org.hibernate.Version                    : HHH000412: Hibernate Core {5.3.9.Final}
2019-06-19 12:03:47.088  INFO 9280 --- [  restartedMain] org.hibernate.cfg.Environment            : HHH000206: hibernate.properties not found
2019-06-19 12:03:47.386  INFO 9280 --- [  restartedMain] o.hibernate.annotations.common.Version   : HCANN000001: Hibernate Commons Annotations {5.0.4.Final}
2019-06-19 12:03:47.755  INFO 9280 --- [  restartedMain] org.hibernate.dialect.Dialect            : HHH000400: Using dialect: org.hibernate.dialect.MySQL5Dialect
Hibernate: alter table articles add constraint FKjqx5id1wpidmwjxd05lpj6fm foreign key (test_id) references tests (id)
Hibernate: alter table articles add constraint FKlc3sm3utetrj1sx4v9ahwopnr foreign key (user_id) references users (id)
Hibernate: alter table authentication add constraint FKkdfm8h65x6tk3a0xdhxy4blve foreign key (user_id) references users (id)
Hibernate: alter table choice_list add constraint FKdn0ki0vunhj8xt9emipgtu3vs foreign key (user_answer_id) references users_answers (id)
Hibernate: alter table choices add constraint FK2y34plfvqmvo75uruayjwqpij foreign key (problem_id) references problems (id)
Hibernate: alter table comments add constraint FKk4ib6syde10dalk7r7xdl0m5p foreign key (article_id) references articles (id)
Hibernate: alter table descriptions add constraint FK42krybawbd0ygc5q8x53ekhrt foreign key (problem_id) references problems (id)
Hibernate: alter table follow add constraint FKejdtf6bg4ittck9ytpes5fqra foreign key (followed_by_user_id) references users (id)
Hibernate: alter table follow add constraint FKatlkvsyd2ipaq17txxs3wptw0 foreign key (following_user_id) references users (id)
Hibernate: alter table notices add constraint FKerqkxcii6jcl64muyrcxm10sp foreign key (user_id) references users (id)
Hibernate: alter table problems add constraint FKn0fcal958hbnulw90rar31t2v foreign key (test_id) references tests (id)
Hibernate: alter table tests add constraint FKl6ymvr77nkm0fqehrt2ho011o foreign key (category_id) references categories (id)
Hibernate: alter table user_authorization add constraint FKj33lprk925nojxci7kybb0u4u foreign key (authorization_role) references authorization (role)
Hibernate: alter table user_authorization add constraint FKaf4rogay35a4l3dklovic5tqy foreign key (user_id) references users (id)
Hibernate: alter table users_answers add constraint FKhwhbxu5is2iurxgyxl81bc395 foreign key (problem_id) references problems (id)
Hibernate: alter table users_answers add constraint FK2dmliuaiogp7fpi1ysbp53tse foreign key (user_id) references users (id)
2019-06-19 12:03:51.122  INFO 9280 --- [  restartedMain] j.LocalContainerEntityManagerFactoryBean : Initialized JPA EntityManagerFactory for persistence unit 'default'
2019-06-19 12:03:51.190  INFO 9280 --- [  restartedMain] o.s.b.d.a.OptionalLiveReloadServer       : LiveReload server is running on port 35729
2019-06-19 12:04:01.200  WARN 9280 --- [  restartedMain] ConfigServletWebServerApplicationContext : Exception encountered during context initialization - cancelling refresh attempt: org.springframework.beans.factory.BeanCreationException: Error creating bean with name 'articleController' defined in file [C:\Users\kota.hamamoto\Documents\bamboo\bamboo\Bamboo\target\classes\jp\tcmobile\bamboo\controller\ArticleController.class]: Bean instantiation via constructor failed; nested exception is org.springframework.beans.BeanInstantiationException: Failed to instantiate [jp.tcmobile.bamboo.controller.ArticleController]: Constructor threw exception; nested exception is com.amazonaws.SdkClientException: Unable to find a region via the region provider chain. Must provide an explicit region in the builder or setup environment to supply a region.
2019-06-19 12:04:01.203  INFO 9280 --- [  restartedMain] j.LocalContainerEntityManagerFactoryBean : Closing JPA EntityManagerFactory for persistence unit 'default'
2019-06-19 12:04:01.208  INFO 9280 --- [  restartedMain] com.zaxxer.hikari.HikariDataSource       : HikariPool-1 - Shutdown initiated...
2019-06-19 12:04:01.223  INFO 9280 --- [  restartedMain] com.zaxxer.hikari.HikariDataSource       : HikariPool-1 - Shutdown completed.
2019-06-19 12:04:01.227  INFO 9280 --- [  restartedMain] o.apache.catalina.core.StandardService   : Stopping service [Tomcat]
2019-06-19 12:04:01.263  INFO 9280 --- [  restartedMain] ConditionEvaluationReportLoggingListener : 

Error starting ApplicationContext. To display the conditions report re-run your application with 'debug' enabled.
2019-06-19 12:04:01.291 ERROR 9280 --- [  restartedMain] o.s.boot.SpringApplication               : Application run failed

org.springframework.beans.factory.BeanCreationException: Error creating bean with name 'articleController' defined in file [C:\Users\kota.hamamoto\Documents\bamboo\bamboo\Bamboo\target\classes\jp\tcmobile\bamboo\controller\ArticleController.class]: Bean instantiation via constructor failed; nested exception is org.springframework.beans.BeanInstantiationException: Failed to instantiate [jp.tcmobile.bamboo.controller.ArticleController]: Constructor threw exception; nested exception is com.amazonaws.SdkClientException: Unable to find a region via the region provider chain. Must provide an explicit region in the builder or setup environment to supply a region.
at org.springframework.beans.factory.support.ConstructorResolver.instantiate(ConstructorResolver.java:304) ~[spring-beans-5.1.6.RELEASE.jar:5.1.6.RELEASE]
at org.springframework.beans.factory.support.ConstructorResolver.autowireConstructor(ConstructorResolver.java:285) ~[spring-beans-5.1.6.RELEASE.jar:5.1.6.RELEASE]
at org.springframework.beans.factory.support.AbstractAutowireCapableBeanFactory.autowireConstructor(AbstractAutowireCapableBeanFactory.java:1341) ~[spring-beans-5.1.6.RELEASE.jar:5.1.6.RELEASE]
at org.springframework.beans.factory.support.AbstractAutowireCapableBeanFactory.createBeanInstance(AbstractAutowireCapableBeanFactory.java:1187) ~[spring-beans-5.1.6.RELEASE.jar:5.1.6.RELEASE]
at org.springframework.beans.factory.support.AbstractAutowireCapableBeanFactory.doCreateBean(AbstractAutowireCapableBeanFactory.java:555) ~[spring-beans-5.1.6.RELEASE.jar:5.1.6.RELEASE]
at org.springframework.beans.factory.support.AbstractAutowireCapableBeanFactory.createBean(AbstractAutowireCapableBeanFactory.java:515) ~[spring-beans-5.1.6.RELEASE.jar:5.1.6.RELEASE]
at org.springframework.beans.factory.support.AbstractBeanFactory.lambda$doGetBean$0(AbstractBeanFactory.java:320) ~[spring-beans-5.1.6.RELEASE.jar:5.1.6.RELEASE]
at org.springframework.beans.factory.support.DefaultSingletonBeanRegistry.getSingleton(DefaultSingletonBeanRegistry.java:222) ~[spring-beans-5.1.6.RELEASE.jar:5.1.6.RELEASE]
at org.springframework.beans.factory.support.AbstractBeanFactory.doGetBean(AbstractBeanFactory.java:318) ~[spring-beans-5.1.6.RELEASE.jar:5.1.6.RELEASE]
at org.springframework.beans.factory.support.AbstractBeanFactory.getBean(AbstractBeanFactory.java:199) ~[spring-beans-5.1.6.RELEASE.jar:5.1.6.RELEASE]
at org.springframework.beans.factory.support.DefaultListableBeanFactory.preInstantiateSingletons(DefaultListableBeanFactory.java:849) ~[spring-beans-5.1.6.RELEASE.jar:5.1.6.RELEASE]
at org.springframework.context.support.AbstractApplicationContext.finishBeanFactoryInitialization(AbstractApplicationContext.java:877) ~[spring-context-5.1.6.RELEASE.jar:5.1.6.RELEASE]
at org.springframework.context.support.AbstractApplicationContext.refresh(AbstractApplicationContext.java:549) ~[spring-context-5.1.6.RELEASE.jar:5.1.6.RELEASE]
at org.springframework.boot.web.servlet.context.ServletWebServerApplicationContext.refresh(ServletWebServerApplicationContext.java:142) ~[spring-boot-2.1.4.RELEASE.jar:2.1.4.RELEASE]
at org.springframework.boot.SpringApplication.refresh(SpringApplication.java:775) [spring-boot-2.1.4.RELEASE.jar:2.1.4.RELEASE]
at org.springframework.boot.SpringApplication.refreshContext(SpringApplication.java:397) [spring-boot-2.1.4.RELEASE.jar:2.1.4.RELEASE]
at org.springframework.boot.SpringApplication.run(SpringApplication.java:316) [spring-boot-2.1.4.RELEASE.jar:2.1.4.RELEASE]
at org.springframework.boot.SpringApplication.run(SpringApplication.java:1260) [spring-boot-2.1.4.RELEASE.jar:2.1.4.RELEASE]
at org.springframework.boot.SpringApplication.run(SpringApplication.java:1248) [spring-boot-2.1.4.RELEASE.jar:2.1.4.RELEASE]
at jp.tcmobile.bamboo.BambooApplication.main(BambooApplication.java:11) [classes/:na]
at sun.reflect.NativeMethodAccessorImpl.invoke0(Native Method) ~[na:1.8.0_201]
at sun.reflect.NativeMethodAccessorImpl.invoke(NativeMethodAccessorImpl.java:62) ~[na:1.8.0_201]
at sun.reflect.DelegatingMethodAccessorImpl.invoke(DelegatingMethodAccessorImpl.java:43) ~[na:1.8.0_201]
at java.lang.reflect.Method.invoke(Method.java:498) ~[na:1.8.0_201]
at org.springframework.boot.devtools.restart.RestartLauncher.run(RestartLauncher.java:49) [spring-boot-devtools-2.1.4.RELEASE.jar:2.1.4.RELEASE]
Caused by: org.springframework.beans.BeanInstantiationException: Failed to instantiate [jp.tcmobile.bamboo.controller.ArticleController]: Constructor threw exception; nested exception is com.amazonaws.SdkClientException: Unable to find a region via the region provider chain. Must provide an explicit region in the builder or setup environment to supply a region.
at org.springframework.beans.BeanUtils.instantiateClass(BeanUtils.java:184) ~[spring-beans-5.1.6.RELEASE.jar:5.1.6.RELEASE]
at org.springframework.beans.factory.support.SimpleInstantiationStrategy.instantiate(SimpleInstantiationStrategy.java:117) ~[spring-beans-5.1.6.RELEASE.jar:5.1.6.RELEASE]
at org.springframework.beans.factory.support.ConstructorResolver.instantiate(ConstructorResolver.java:300) ~[spring-beans-5.1.6.RELEASE.jar:5.1.6.RELEASE]
... 24 common frames omitted
Caused by: com.amazonaws.SdkClientException: Unable to find a region via the region provider chain. Must provide an explicit region in the builder or setup environment to supply a region.
at com.amazonaws.client.builder.AwsClientBuilder.setRegion(AwsClientBuilder.java:462) ~[aws-java-sdk-core-1.11.574.jar:na]
at com.amazonaws.client.builder.AwsClientBuilder.configureMutableProperties(AwsClientBuilder.java:424) ~[aws-java-sdk-core-1.11.574.jar:na]
at com.amazonaws.client.builder.AwsSyncClientBuilder.build(AwsSyncClientBuilder.java:46) ~[aws-java-sdk-core-1.11.574.jar:na]
at com.amazonaws.services.s3.AmazonS3ClientBuilder.defaultClient(AmazonS3ClientBuilder.java:54) ~[aws-java-sdk-s3-1.11.574.jar:na]
at jp.tcmobile.bamboo.controller.ArticleController.<init>(ArticleController.java:62) ~[classes/:na]
at sun.reflect.NativeConstructorAccessorImpl.newInstance0(Native Method) ~[na:1.8.0_201]
at sun.reflect.NativeConstructorAccessorImpl.newInstance(NativeConstructorAccessorImpl.java:62) ~[na:1.8.0_201]
at sun.reflect.DelegatingConstructorAccessorImpl.newInstance(DelegatingConstructorAccessorImpl.java:45) ~[na:1.8.0_201]
at java.lang.reflect.Constructor.newInstance(Constructor.java:423) ~[na:1.8.0_201]
at org.springframework.beans.BeanUtils.instantiateClass(BeanUtils.java:172) ~[spring-beans-5.1.6.RELEASE.jar:5.1.6.RELEASE]
... 26 common frames omitted

